C:\Users\namgy\Anaconda3\python.exe : [32m[I 2026-07-04 22:32:55,131][0m Using an existing study with name 
'lstm_finetune_finger_acc' instead of creating a new one.[0m
At C:\Users\namgy\AppData\Local\Temp\ps-script-ae75070b-4465-4449-a879-ee8ca08360ac.ps1:133 char:52
+ ... -pipeline"; C:\Users\namgy\Anaconda3\python.exe scripts/tune_lstm.py  ...
+                 ~~~~~~~~~~~~~~~~~~~~~~~~~~~~~~~~~~~~~~~~~~~~~~~~~~~~~~~~~
    + CategoryInfo          : NotSpecified: ([32m[I 2026-07... a new one.[0m:String) [], RemoteException
    + FullyQualifiedErrorId : NativeCommandError
 
[32m[I 2026-07-04 22:33:01,114][0m Trial 1 finished with value: 0.7953703703703704 and parameters: {'dropout': 0.4, 
'lr': 0.0017254716573280352, 'batch_size': 32, 'weight_decay': 2.9375384576328313e-06, 'patience': 15, 
'freeze_backbone_epochs': 10, 'backbone_lr': 3.9913058785616805e-05, 'head_lr': 0.0008341106432362095}. Best is trial 
1 with value: 0.7953703703703704.[0m
[32m[I 2026-07-04 22:33:06,343][0m Trial 2 finished with value: 0.8018518518518517 and parameters: {'dropout': 0.3, 
'lr': 0.0018276027831785732, 'batch_size': 32, 'weight_decay': 3.549878832196506e-06, 'patience': 20, 
'freeze_backbone_epochs': 6, 'backbone_lr': 2.703616066662e-05, 'head_lr': 0.00023927528765580657}. Best is trial 2 
with value: 0.8018518518518517.[0m
[32m[I 2026-07-04 22:33:08,944][0m Trial 3 finished with value: 0.8060185185185185 and parameters: {'dropout': 0.5, 
'lr': 0.0001518747922672249, 'batch_size': 128, 'weight_decay': 0.0002267398652378039, 'patience': 15, 
'freeze_backbone_epochs': 6, 'backbone_lr': 3.9121416285497e-05, 'head_lr': 0.00011492999300221417}. Best is trial 3 
with value: 0.8060185185185185.[0m
[32m[I 2026-07-04 22:33:11,962][0m Trial 4 finished with value: 0.7564814814814815 and parameters: {'dropout': 0.5, 
'lr': 0.0001666698328606644, 'batch_size': 128, 'weight_decay': 0.0002661901888489054, 'patience': 20, 
'freeze_backbone_epochs': 0, 'backbone_lr': 4.833180632488465e-05, 'head_lr': 0.0003738105868191798}. Best is trial 3 
with value: 0.8060185185185185.[0m
[32m[I 2026-07-04 22:33:15,365][0m Trial 5 finished with value: 0.8032407407407408 and parameters: {'dropout': 0.3, 
'lr': 0.0004407984038169245, 'batch_size': 64, 'weight_decay': 9.717775305059631e-05, 'patience': 20, 
'freeze_backbone_epochs': 6, 'backbone_lr': 3.521358805467871e-05, 'head_lr': 0.0001739807471129175}. Best is trial 3 
with value: 0.8060185185185185.[0m
[32m[I 2026-07-04 22:33:21,480][0m Trial 6 finished with value: 0.8018518518518517 and parameters: {'dropout': 0.6, 
'lr': 0.0010196967939171493, 'batch_size': 32, 'weight_decay': 0.0005829384542994739, 'patience': 15, 
'freeze_backbone_epochs': 2, 'backbone_lr': 1.109755456110309e-05, 'head_lr': 0.0002650113770745899}. Best is trial 3 
with value: 0.8060185185185185.[0m
[32m[I 2026-07-04 22:33:30,313][0m Trial 7 finished with value: 0.7981481481481482 and parameters: {'dropout': 0.4, 
'lr': 0.0002254411699736049, 'batch_size': 32, 'weight_decay': 4.247058562261871e-05, 'patience': 15, 
'freeze_backbone_epochs': 8, 'backbone_lr': 1.1872731425335892e-05, 'head_lr': 0.0019229567074543386}. Best is trial 3 
with value: 0.8060185185185185.[0m
[32m[I 2026-07-04 22:33:32,290][0m Trial 8 pruned. [0m
[32m[I 2026-07-04 22:33:40,470][0m Trial 9 finished with value: 0.8018518518518519 and parameters: {'dropout': 0.6, 
'lr': 0.0006470376604234771, 'batch_size': 32, 'weight_decay': 9.4525713910723e-06, 'patience': 30, 
'freeze_backbone_epochs': 6, 'backbone_lr': 7.712811947156355e-05, 'head_lr': 0.0004114961554691339}. Best is trial 3 
with value: 0.8060185185185185.[0m
[32m[I 2026-07-04 22:33:43,671][0m Trial 10 finished with value: 0.8055555555555556 and parameters: {'dropout': 0.3, 
'lr': 0.0008471354625326559, 'batch_size': 128, 'weight_decay': 3.0296104428212496e-05, 'patience': 25, 
'freeze_backbone_epochs': 4, 'backbone_lr': 1.0602764778958865e-05, 'head_lr': 0.00013815607382950865}. Best is trial 
3 with value: 0.8060185185185185.[0m
[32m[I 2026-07-04 22:33:47,631][0m Trial 11 finished with value: 0.8027777777777778 and parameters: {'dropout': 
0.45, 'lr': 0.00010181283131439638, 'batch_size': 128, 'weight_decay': 1.13210218042304e-06, 'patience': 35, 
'freeze_backbone_epochs': 10, 'backbone_lr': 9.115295368841365e-05, 'head_lr': 0.000988920960176588}. Best is trial 3 
with value: 0.8060185185185185.[0m
[32m[I 2026-07-04 22:33:50,947][0m Trial 12 finished with value: 0.8050925925925926 and parameters: {'dropout': 
0.35, 'lr': 0.00039849708011503444, 'batch_size': 128, 'weight_decay': 3.2345623693126614e-05, 'patience': 25, 
'freeze_backbone_epochs': 4, 'backbone_lr': 1.8292429032419692e-05, 'head_lr': 0.00010465492088879409}. Best is trial 
3 with value: 0.8060185185185185.[0m
[Finetune] Locked architecture to pretrain checkpoint: h1=128 h2=256 fc=128
[Optuna] stage=finetune trials=30 tune_epochs=60 metric=finger_accuracy

[Trial 1] stage=finetune hidden=(128,256,128) head_lr=8.34e-04 backbone_lr=3.99e-05 bs=32
[Device] Running on CUDA: NVIDIA GeForce RTX 4060
[Stage] finetune | model=lstm | data=datasets/processed/physiomio/impaired

[Train Label Positive Rates]
  finger_0: 0.438
  finger_1: 0.312
  finger_2: 0.312
  finger_3: 0.312
  finger_4: 0.312
[pos_weight] [1.2857142686843872, 2.200000047683716, 2.200000047683716, 2.200000047683716, 2.200000047683716]
[Finetune] Loading pretrained weights from results/pretrain/lstm/checkpoint_best.pt
[Finetune] Froze LSTM backbone for first 10 epochs.
[Finetune] Unfroze LSTM backbone at epoch 11.

[Trial 2] stage=finetune hidden=(128,256,128) head_lr=2.39e-04 backbone_lr=2.70e-05 bs=32
[Device] Running on CUDA: NVIDIA GeForce RTX 4060
[Stage] finetune | model=lstm | data=datasets/processed/physiomio/impaired

[Train Label Positive Rates]
  finger_0: 0.438
  finger_1: 0.312
  finger_2: 0.312
  finger_3: 0.312
  finger_4: 0.312
[pos_weight] [1.2857142686843872, 2.200000047683716, 2.200000047683716, 2.200000047683716, 2.200000047683716]
[Finetune] Loading pretrained weights from results/pretrain/lstm/checkpoint_best.pt
[Finetune] Froze LSTM backbone for first 6 epochs.
[Finetune] Unfroze LSTM backbone at epoch 7.

[Trial 3] stage=finetune hidden=(128,256,128) head_lr=1.15e-04 backbone_lr=3.91e-05 bs=128
[Device] Running on CUDA: NVIDIA GeForce RTX 4060
[Stage] finetune | model=lstm | data=datasets/processed/physiomio/impaired

[Train Label Positive Rates]
  finger_0: 0.438
  finger_1: 0.312
  finger_2: 0.312
  finger_3: 0.312
  finger_4: 0.312
[pos_weight] [1.2857142686843872, 2.200000047683716, 2.200000047683716, 2.200000047683716, 2.200000047683716]
[Finetune] Loading pretrained weights from results/pretrain/lstm/checkpoint_best.pt
[Finetune] Froze LSTM backbone for first 6 epochs.
[Finetune] Unfroze LSTM backbone at epoch 7.

[Trial 4] stage=finetune hidden=(128,256,128) head_lr=3.74e-04 backbone_lr=4.83e-05 bs=128
[Device] Running on CUDA: NVIDIA GeForce RTX 4060
[Stage] finetune | model=lstm | data=datasets/processed/physiomio/impaired

[Train Label Positive Rates]
  finger_0: 0.438
  finger_1: 0.312
  finger_2: 0.312
  finger_3: 0.312
  finger_4: 0.312
[pos_weight] [1.2857142686843872, 2.200000047683716, 2.200000047683716, 2.200000047683716, 2.200000047683716]
[Finetune] Loading pretrained weights from results/pretrain/lstm/checkpoint_best.pt

[Trial 5] stage=finetune hidden=(128,256,128) head_lr=1.74e-04 backbone_lr=3.52e-05 bs=64
[Device] Running on CUDA: NVIDIA GeForce RTX 4060
[Stage] finetune | model=lstm | data=datasets/processed/physiomio/impaired

[Train Label Positive Rates]
  finger_0: 0.438
  finger_1: 0.312
  finger_2: 0.312
  finger_3: 0.312
  finger_4: 0.312
[pos_weight] [1.2857142686843872, 2.200000047683716, 2.200000047683716, 2.200000047683716, 2.200000047683716]
[Finetune] Loading pretrained weights from results/pretrain/lstm/checkpoint_best.pt
[Finetune] Froze LSTM backbone for first 6 epochs.
[Finetune] Unfroze LSTM backbone at epoch 7.

[Trial 6] stage=finetune hidden=(128,256,128) head_lr=2.65e-04 backbone_lr=1.11e-05 bs=32
[Device] Running on CUDA: NVIDIA GeForce RTX 4060
[Stage] finetune | model=lstm | data=datasets/processed/physiomio/impaired

[Train Label Positive Rates]
  finger_0: 0.438
  finger_1: 0.312
  finger_2: 0.312
  finger_3: 0.312
  finger_4: 0.312
[pos_weight] [1.2857142686843872, 2.200000047683716, 2.200000047683716, 2.200000047683716, 2.200000047683716]
[Finetune] Loading pretrained weights from results/pretrain/lstm/checkpoint_best.pt
[Finetune] Froze LSTM backbone for first 2 epochs.
[Finetune] Unfroze LSTM backbone at epoch 3.

[Trial 7] stage=finetune hidden=(128,256,128) head_lr=1.92e-03 backbone_lr=1.19e-05 bs=32
[Device] Running on CUDA: NVIDIA GeForce RTX 4060
[Stage] finetune | model=lstm | data=datasets/processed/physiomio/impaired

[Train Label Positive Rates]
  finger_0: 0.438
  finger_1: 0.312
  finger_2: 0.312
  finger_3: 0.312
  finger_4: 0.312
[pos_weight] [1.2857142686843872, 2.200000047683716, 2.200000047683716, 2.200000047683716, 2.200000047683716]
[Finetune] Loading pretrained weights from results/pretrain/lstm/checkpoint_best.pt
[Finetune] Froze LSTM backbone for first 8 epochs.
[Finetune] Unfroze LSTM backbone at epoch 9.

[Trial 8] stage=finetune hidden=(128,256,128) head_lr=1.41e-04 backbone_lr=2.28e-05 bs=64
[Device] Running on CUDA: NVIDIA GeForce RTX 4060
[Stage] finetune | model=lstm | data=datasets/processed/physiomio/impaired

[Train Label Positive Rates]
  finger_0: 0.438
  finger_1: 0.312
  finger_2: 0.312
  finger_3: 0.312
  finger_4: 0.312
[pos_weight] [1.2857142686843872, 2.200000047683716, 2.200000047683716, 2.200000047683716, 2.200000047683716]
[Finetune] Loading pretrained weights from results/pretrain/lstm/checkpoint_best.pt

[Trial 9] stage=finetune hidden=(128,256,128) head_lr=4.11e-04 backbone_lr=7.71e-05 bs=32
[Device] Running on CUDA: NVIDIA GeForce RTX 4060
[Stage] finetune | model=lstm | data=datasets/processed/physiomio/impaired

[Train Label Positive Rates]
  finger_0: 0.438
  finger_1: 0.312
  finger_2: 0.312
  finger_3: 0.312
  finger_4: 0.312
[pos_weight] [1.2857142686843872, 2.200000047683716, 2.200000047683716, 2.200000047683716, 2.200000047683716]
[Finetune] Loading pretrained weights from results/pretrain/lstm/checkpoint_best.pt
[Finetune] Froze LSTM backbone for first 6 epochs.
[Finetune] Unfroze LSTM backbone at epoch 7.

[Trial 10] stage=finetune hidden=(128,256,128) head_lr=1.38e-04 backbone_lr=1.06e-05 bs=128
[Device] Running on CUDA: NVIDIA GeForce RTX 4060
[Stage] finetune | model=lstm | data=datasets/processed/physiomio/impaired

[Train Label Positive Rates]
  finger_0: 0.438
  finger_1: 0.312
  finger_2: 0.312
  finger_3: 0.312
  finger_4: 0.312
[pos_weight] [1.2857142686843872, 2.200000047683716, 2.200000047683716, 2.200000047683716, 2.200000047683716]
[Finetune] Loading pretrained weights from results/pretrain/lstm/checkpoint_best.pt
[Finetune] Froze LSTM backbone for first 4 epochs.
[Finetune] Unfroze LSTM backbone at epoch 5.

[Trial 11] stage=finetune hidden=(128,256,128) head_lr=9.89e-04 backbone_lr=9.12e-05 bs=128
[Device] Running on CUDA: NVIDIA GeForce RTX 4060
[Stage] finetune | model=lstm | data=datasets/processed/physiomio/impaired

[Train Label Positive Rates]
  finger_0: 0.438
  finger_1: 0.312
  finger_2: 0.312
  finger_3: 0.312
  finger_4: 0.312
[pos_weight] [1.2857142686843872, 2.200000047683716, 2.200000047683716, 2.200000047683716, 2.200000047683716]
[Finetune] Loading pretrained weights from results/pretrain/lstm/checkpoint_best.pt
[Finetune] Froze LSTM backbone for first 10 epochs.
[Finetune] Unfroze LSTM backbone at epoch 11.

[Trial 12] stage=finetune hidden=(128,256,128) head_lr=1.05e-04 backbone_lr=1.83e-05 bs=128
[Device] Running on CUDA: NVIDIA GeForce RTX 4060
[Stage] finetune | model=lstm | data=datasets/processed/physiomio/impaired

[Train Label Positive Rates]
  finger_0: 0.438
  finger_1: 0.312
  finger_2: 0.312
  finger_3: 0.312
  finger_4: 0.312
[pos_weight] [1.2857142686843872, 2.200000047683716, 2.200000047683716, 2.200000047683716, 2.200000047683716]
[Finetune] Loading pretrained weights from results/pretrain/lstm/checkpoint_best.pt
[Finetune] Froze LSTM backbone for first 4 epochs.
[Finetune] Unfroze LSTM backbone at epoch 5.

[Trial 13] stage=finetune hidden=(128,256,128) head_lr=1.09e-04 backbone_lr=5.91e-05 bs=128
[Device] Running on CUDA: NVIDIA GeForce RTX 4060
[Stage] finetune | model=lstm | data=datasets/processed/physiomio/impaired

[Train Label Positive Rates]
  finger_0: 0.438
  finger_1: 0.312
  finger_2: 0.312
  finger_3: 0.312
  finger_4: 0.312
[pos_weight] [1.2857142686843872, 2.200000047683716, 2.200000047683716, 2.200000047683716, 2.200000047683716]
[32m[I 2026-07-04 22:33:54,237][0m Trial 13 finished with value: 0.8050925925925926 and parameters: {'dropout': 0.5, 
'lr': 0.0008281302660741532, 'batch_size': 128, 'weight_decay': 2.369155864878758e-05, 'patience': 25, 
'freeze_backbone_epochs': 4, 'backbone_lr': 5.91104333499564e-05, 'head_lr': 0.00010862449223790152}. Best is trial 3 
with value: 0.8060185185185185.[0m
[32m[I 2026-07-04 22:33:57,542][0m Trial 14 finished with value: 0.8041666666666668 and parameters: {'dropout': 0.4, 
'lr': 0.00034446772275027065, 'batch_size': 128, 'weight_decay': 0.0009728583151931042, 'patience': 25, 
'freeze_backbone_epochs': 4, 'backbone_lr': 1.671449530969968e-05, 'head_lr': 0.00018701289451782024}. Best is trial 3 
with value: 0.8060185185185185.[0m
[32m[I 2026-07-04 22:34:02,282][0m Trial 15 finished with value: 0.8046296296296298 and parameters: {'dropout': 0.5, 
'lr': 0.00011502770776674801, 'batch_size': 128, 'weight_decay': 8.59055169879444e-05, 'patience': 35, 
'freeze_backbone_epochs': 2, 'backbone_lr': 1.4856947864013991e-05, 'head_lr': 0.00010071962024362994}. Best is trial 
3 with value: 0.8060185185185185.[0m
[32m[I 2026-07-04 22:34:06,074][0m Trial 16 finished with value: 0.8050925925925926 and parameters: {'dropout': 
0.35, 'lr': 0.00026756815905046457, 'batch_size': 128, 'weight_decay': 1.4285771830109758e-05, 'patience': 30, 
'freeze_backbone_epochs': 8, 'backbone_lr': 2.358324781328827e-05, 'head_lr': 0.0001554677259191433}. Best is trial 3 
with value: 0.8060185185185185.[0m
[32m[I 2026-07-04 22:34:09,497][0m Trial 17 finished with value: 0.8018518518518519 and parameters: {'dropout': 
0.45, 'lr': 0.0011476413603485611, 'batch_size': 64, 'weight_decay': 0.0003879555467818441, 'patience': 20, 
'freeze_backbone_epochs': 8, 'backbone_lr': 3.3439123774902555e-05, 'head_lr': 0.0002655981784810971}. Best is trial 3 
with value: 0.8060185185185185.[0m
[32m[I 2026-07-04 22:34:13,430][0m Trial 18 finished with value: 0.8023148148148149 and parameters: {'dropout': 
0.55, 'lr': 0.0005468598851260403, 'batch_size': 128, 'weight_decay': 5.380808322182507e-05, 'patience': 25, 
'freeze_backbone_epochs': 2, 'backbone_lr': 6.217986580443217e-05, 'head_lr': 0.0004812260291617513}. Best is trial 3 
with value: 0.8060185185185185.[0m
[32m[I 2026-07-04 22:34:16,090][0m Trial 19 finished with value: 0.8055555555555556 and parameters: {'dropout': 
0.35, 'lr': 0.0001367327131777185, 'batch_size': 128, 'weight_decay': 0.0001923546476307048, 'patience': 15, 
'freeze_backbone_epochs': 6, 'backbone_lr': 1.3435866465472133e-05, 'head_lr': 0.00014516745615783433}. Best is trial 
3 with value: 0.8060185185185185.[0m
[32m[I 2026-07-04 22:34:18,974][0m Trial 20 finished with value: 0.8046296296296298 and parameters: {'dropout': 
0.45, 'lr': 0.00029461472825546966, 'batch_size': 128, 'weight_decay': 8.437405599548032e-06, 'patience': 20, 
'freeze_backbone_epochs': 4, 'backbone_lr': 1.0169621908084315e-05, 'head_lr': 0.0001986727445695716}. Best is trial 3 
with value: 0.8060185185185185.[0m
[32m[I 2026-07-04 22:34:25,051][0m Trial 21 finished with value: 0.8009259259259259 and parameters: {'dropout': 
0.55, 'lr': 0.001444570869008326, 'batch_size': 64, 'weight_decay': 0.00010472252713984221, 'patience': 30, 
'freeze_backbone_epochs': 2, 'backbone_lr': 2.0083089719076976e-05, 'head_lr': 0.00032472186045474677}. Best is trial 
3 with value: 0.8060185185185185.[0m
[32m[I 2026-07-04 22:34:27,825][0m Trial 22 finished with value: 0.8055555555555556 and parameters: {'dropout': 
0.35, 'lr': 0.00013925861112679626, 'batch_size': 128, 'weight_decay': 0.00027075714031460043, 'patience': 15, 
'freeze_backbone_epochs': 6, 'backbone_lr': 1.3532585937211704e-05, 'head_lr': 0.0001349968973100488}. Best is trial 3 
with value: 0.8060185185185185.[0m
[32m[I 2026-07-04 22:34:30,462][0m Trial 23 finished with value: 0.8064814814814815 and parameters: {'dropout': 0.3, 
'lr': 0.0002105763923782042, 'batch_size': 128, 'weight_decay': 0.00021168244226565575, 'patience': 15, 
'freeze_backbone_epochs': 6, 'backbone_lr': 1.3291555575184631e-05, 'head_lr': 0.0001325861065806022}. Best is trial 
23 with value: 0.8064814814814815.[0m
[32m[I 2026-07-04 22:34:32,900][0m Trial 24 finished with value: 0.8069444444444445 and parameters: {'dropout': 0.3, 
'lr': 0.00021078512068396598, 'batch_size': 128, 'weight_decay': 0.000736677740953306, 'patience': 15, 
'freeze_backbone_epochs': 8, 'backbone_lr': 2.7257853728309157e-05, 'head_lr': 0.00012744527515630037}. Best is trial 
24 with value: 0.8069444444444445.[0m
