[32m[I 2026-07-04 22:34:35,364][0m Trial 25 finished with value: 0.8046296296296296 and parameters: {'dropout': 0.3, 
'lr': 0.0002111158639905032, 'batch_size': 128, 'weight_decay': 0.0009826740452177562, 'patience': 15, 
'freeze_backbone_epochs': 8, 'backbone_lr': 2.8601946469098627e-05, 'head_lr': 0.00021497856987502225}. Best is trial 
24 with value: 0.8069444444444445.[0m
[Finetune] Loading pretrained weights from results/pretrain/lstm/checkpoint_best.pt
[Finetune] Froze LSTM backbone for first 4 epochs.
[Finetune] Unfroze LSTM backbone at epoch 5.

[Trial 14] stage=finetune hidden=(128,256,128) head_lr=1.87e-04 backbone_lr=1.67e-05 bs=128
[Device] Running on CUDA: NVIDIA GeForce RTX 4060
[Stage] finetune | model=lstm | data=datasets/processed/physiomio/impaired

[Train Label Positive Rates]
  finger_0: 0.438
  finger_1: 0.312
  finger_2: 0.312
  finger_3: 0.312
  finger_4: 0.312
[pos_weight] [1.2857142686843872, 2.200000047683716, 2.200000047683716, 2.200000047683716, 2.200000047683716]
[Finetune] Loading pretrained weights from results/pretrain/lstm/checkpoint_best.pt
[Finetune] Froze LSTM backbone for first 4 epochs.
[Finetune] Unfroze LSTM backbone at epoch 5.

[Trial 15] stage=finetune hidden=(128,256,128) head_lr=1.01e-04 backbone_lr=1.49e-05 bs=128
[Device] Running on CUDA: NVIDIA GeForce RTX 4060
[Stage] finetune | model=lstm | data=datasets/processed/physiomio/impaired

[Train Label Positive Rates]
  finger_0: 0.438
  finger_1: 0.312
  finger_2: 0.312
  finger_3: 0.312
  finger_4: 0.312
[pos_weight] [1.2857142686843872, 2.200000047683716, 2.200000047683716, 2.200000047683716, 2.200000047683716]
[Finetune] Loading pretrained weights from results/pretrain/lstm/checkpoint_best.pt
[Finetune] Froze LSTM backbone for first 2 epochs.
[Finetune] Unfroze LSTM backbone at epoch 3.

[Trial 16] stage=finetune hidden=(128,256,128) head_lr=1.55e-04 backbone_lr=2.36e-05 bs=128
[Device] Running on CUDA: NVIDIA GeForce RTX 4060
[Stage] finetune | model=lstm | data=datasets/processed/physiomio/impaired

[Train Label Positive Rates]
  finger_0: 0.438
  finger_1: 0.312
  finger_2: 0.312
  finger_3: 0.312
  finger_4: 0.312
[pos_weight] [1.2857142686843872, 2.200000047683716, 2.200000047683716, 2.200000047683716, 2.200000047683716]
[Finetune] Loading pretrained weights from results/pretrain/lstm/checkpoint_best.pt
[Finetune] Froze LSTM backbone for first 8 epochs.
[Finetune] Unfroze LSTM backbone at epoch 9.

[Trial 17] stage=finetune hidden=(128,256,128) head_lr=2.66e-04 backbone_lr=3.34e-05 bs=64
[Device] Running on CUDA: NVIDIA GeForce RTX 4060
[Stage] finetune | model=lstm | data=datasets/processed/physiomio/impaired

[Train Label Positive Rates]
  finger_0: 0.438
  finger_1: 0.312
  finger_2: 0.312
  finger_3: 0.312
  finger_4: 0.312
[pos_weight] [1.2857142686843872, 2.200000047683716, 2.200000047683716, 2.200000047683716, 2.200000047683716]
[Finetune] Loading pretrained weights from results/pretrain/lstm/checkpoint_best.pt
[Finetune] Froze LSTM backbone for first 8 epochs.
[Finetune] Unfroze LSTM backbone at epoch 9.

[Trial 18] stage=finetune hidden=(128,256,128) head_lr=4.81e-04 backbone_lr=6.22e-05 bs=128
[Device] Running on CUDA: NVIDIA GeForce RTX 4060
[Stage] finetune | model=lstm | data=datasets/processed/physiomio/impaired

[Train Label Positive Rates]
  finger_0: 0.438
  finger_1: 0.312
  finger_2: 0.312
  finger_3: 0.312
  finger_4: 0.312
[pos_weight] [1.2857142686843872, 2.200000047683716, 2.200000047683716, 2.200000047683716, 2.200000047683716]
[Finetune] Loading pretrained weights from results/pretrain/lstm/checkpoint_best.pt
[Finetune] Froze LSTM backbone for first 2 epochs.
[Finetune] Unfroze LSTM backbone at epoch 3.

[Trial 19] stage=finetune hidden=(128,256,128) head_lr=1.45e-04 backbone_lr=1.34e-05 bs=128
[Device] Running on CUDA: NVIDIA GeForce RTX 4060
[Stage] finetune | model=lstm | data=datasets/processed/physiomio/impaired

[Train Label Positive Rates]
  finger_0: 0.438
  finger_1: 0.312
  finger_2: 0.312
  finger_3: 0.312
  finger_4: 0.312
[pos_weight] [1.2857142686843872, 2.200000047683716, 2.200000047683716, 2.200000047683716, 2.200000047683716]
[Finetune] Loading pretrained weights from results/pretrain/lstm/checkpoint_best.pt
[Finetune] Froze LSTM backbone for first 6 epochs.
[Finetune] Unfroze LSTM backbone at epoch 7.

[Trial 20] stage=finetune hidden=(128,256,128) head_lr=1.99e-04 backbone_lr=1.02e-05 bs=128
[Device] Running on CUDA: NVIDIA GeForce RTX 4060
[Stage] finetune | model=lstm | data=datasets/processed/physiomio/impaired

[Train Label Positive Rates]
  finger_0: 0.438
  finger_1: 0.312
  finger_2: 0.312
  finger_3: 0.312
  finger_4: 0.312
[pos_weight] [1.2857142686843872, 2.200000047683716, 2.200000047683716, 2.200000047683716, 2.200000047683716]
[Finetune] Loading pretrained weights from results/pretrain/lstm/checkpoint_best.pt
[Finetune] Froze LSTM backbone for first 4 epochs.
[Finetune] Unfroze LSTM backbone at epoch 5.

[Trial 21] stage=finetune hidden=(128,256,128) head_lr=3.25e-04 backbone_lr=2.01e-05 bs=64
[Device] Running on CUDA: NVIDIA GeForce RTX 4060
[Stage] finetune | model=lstm | data=datasets/processed/physiomio/impaired

[Train Label Positive Rates]
  finger_0: 0.438
  finger_1: 0.312
  finger_2: 0.312
  finger_3: 0.312
  finger_4: 0.312
[pos_weight] [1.2857142686843872, 2.200000047683716, 2.200000047683716, 2.200000047683716, 2.200000047683716]
[Finetune] Loading pretrained weights from results/pretrain/lstm/checkpoint_best.pt
[Finetune] Froze LSTM backbone for first 2 epochs.
[Finetune] Unfroze LSTM backbone at epoch 3.

[Trial 22] stage=finetune hidden=(128,256,128) head_lr=1.35e-04 backbone_lr=1.35e-05 bs=128
[Device] Running on CUDA: NVIDIA GeForce RTX 4060
[Stage] finetune | model=lstm | data=datasets/processed/physiomio/impaired

[Train Label Positive Rates]
  finger_0: 0.438
  finger_1: 0.312
  finger_2: 0.312
  finger_3: 0.312
  finger_4: 0.312
[pos_weight] [1.2857142686843872, 2.200000047683716, 2.200000047683716, 2.200000047683716, 2.200000047683716]
[Finetune] Loading pretrained weights from results/pretrain/lstm/checkpoint_best.pt
[Finetune] Froze LSTM backbone for first 6 epochs.
[Finetune] Unfroze LSTM backbone at epoch 7.

[Trial 23] stage=finetune hidden=(128,256,128) head_lr=1.33e-04 backbone_lr=1.33e-05 bs=128
[Device] Running on CUDA: NVIDIA GeForce RTX 4060
[Stage] finetune | model=lstm | data=datasets/processed/physiomio/impaired

[Train Label Positive Rates]
  finger_0: 0.438
  finger_1: 0.312
  finger_2: 0.312
  finger_3: 0.312
  finger_4: 0.312
[pos_weight] [1.2857142686843872, 2.200000047683716, 2.200000047683716, 2.200000047683716, 2.200000047683716]
[Finetune] Loading pretrained weights from results/pretrain/lstm/checkpoint_best.pt
[Finetune] Froze LSTM backbone for first 6 epochs.
[Finetune] Unfroze LSTM backbone at epoch 7.

[Trial 24] stage=finetune hidden=(128,256,128) head_lr=1.27e-04 backbone_lr=2.73e-05 bs=128
[Device] Running on CUDA: NVIDIA GeForce RTX 4060
[Stage] finetune | model=lstm | data=datasets/processed/physiomio/impaired

[Train Label Positive Rates]
  finger_0: 0.438
  finger_1: 0.312
  finger_2: 0.312
  finger_3: 0.312
  finger_4: 0.312
[pos_weight] [1.2857142686843872, 2.200000047683716, 2.200000047683716, 2.200000047683716, 2.200000047683716]
[Finetune] Loading pretrained weights from results/pretrain/lstm/checkpoint_best.pt
[Finetune] Froze LSTM backbone for first 8 epochs.
[Finetune] Unfroze LSTM backbone at epoch 9.

[Trial 25] stage=finetune hidden=(128,256,128) head_lr=2.15e-04 backbone_lr=2.86e-05 bs=128
[Device] Running on CUDA: NVIDIA GeForce RTX 4060
[Stage] finetune | model=lstm | data=datasets/processed/physiomio/impaired

[Train Label Positive Rates]
  finger_0: 0.438
  finger_1: 0.312
  finger_2: 0.312
  finger_3: 0.312
  finger_4: 0.312
[pos_weight] [1.2857142686843872, 2.200000047683716, 2.200000047683716, 2.200000047683716, 2.200000047683716]
[Finetune] Loading pretrained weights from results/pretrain/lstm/checkpoint_best.pt
[Finetune] Froze LSTM backbone for first 8 epochs.
[Finetune] Unfroze LSTM backbone at epoch 9.

[Trial 26] stage=finetune hidden=(128,256,128) head_lr=1.15e-04 backbone_lr=4.16e-05 bs=128
[Device] Running on CUDA: NVIDIA GeForce RTX 4060
[Stage] finetune | model=lstm | data=datasets/processed/physiomio/impaired

[Train Label Positive Rates]
  finger_0: 0.438
  finger_1: 0.312
  finger_2: 0.312
  finger_3: 0.312
  finger_4: 0.312
[32m[I 2026-07-04 22:34:37,850][0m Trial 26 finished with value: 0.8060185185185185 and parameters: {'dropout': 
0.35, 'lr': 0.00023010271445432829, 'batch_size': 128, 'weight_decay': 0.0005234041152513295, 'patience': 15, 
'freeze_backbone_epochs': 8, 'backbone_lr': 4.1582124784519e-05, 'head_lr': 0.00011453257236530647}. Best is trial 24 
with value: 0.8069444444444445.[0m
[32m[I 2026-07-04 22:34:40,303][0m Trial 27 finished with value: 0.8069444444444445 and parameters: {'dropout': 0.3, 
'lr': 0.0001619536870710937, 'batch_size': 128, 'weight_decay': 0.00038702807418395535, 'patience': 15, 
'freeze_backbone_epochs': 10, 'backbone_lr': 5.0913497126209696e-05, 'head_lr': 0.00012723685198435088}. Best is trial 
24 with value: 0.8069444444444445.[0m
[32m[I 2026-07-04 22:34:43,364][0m Trial 28 finished with value: 0.8041666666666668 and parameters: {'dropout': 0.3, 
'lr': 0.0001906930928596019, 'batch_size': 128, 'weight_decay': 0.00046631895211746876, 'patience': 20, 
'freeze_backbone_epochs': 10, 'backbone_lr': 5.1315384382240954e-05, 'head_lr': 0.00016809251920407617}. Best is trial 
24 with value: 0.8069444444444445.[0m
[32m[I 2026-07-04 22:34:48,004][0m Trial 29 finished with value: 0.8032407407407408 and parameters: {'dropout': 0.3, 
'lr': 0.0002896040010944484, 'batch_size': 64, 'weight_decay': 0.0006121745177143661, 'patience': 15, 
'freeze_backbone_epochs': 10, 'backbone_lr': 7.136432241788861e-05, 'head_lr': 0.00020083914925219856}. Best is trial 
24 with value: 0.8069444444444445.[0m
[32m[I 2026-07-04 22:34:50,501][0m Trial 30 finished with value: 0.8032407407407407 and parameters: {'dropout': 0.4, 
'lr': 0.00012091008487713632, 'batch_size': 128, 'weight_decay': 0.00013987760303161575, 'patience': 15, 
'freeze_backbone_epochs': 10, 'backbone_lr': 2.9097491878602745e-05, 'head_lr': 0.0007294292389067275}. Best is trial 
24 with value: 0.8069444444444445.[0m
[pos_weight] [1.2857142686843872, 2.200000047683716, 2.200000047683716, 2.200000047683716, 2.200000047683716]
[Finetune] Loading pretrained weights from results/pretrain/lstm/checkpoint_best.pt
[Finetune] Froze LSTM backbone for first 8 epochs.
[Finetune] Unfroze LSTM backbone at epoch 9.

[Trial 27] stage=finetune hidden=(128,256,128) head_lr=1.27e-04 backbone_lr=5.09e-05 bs=128
[Device] Running on CUDA: NVIDIA GeForce RTX 4060
[Stage] finetune | model=lstm | data=datasets/processed/physiomio/impaired

[Train Label Positive Rates]
  finger_0: 0.438
  finger_1: 0.312
  finger_2: 0.312
  finger_3: 0.312
  finger_4: 0.312
[pos_weight] [1.2857142686843872, 2.200000047683716, 2.200000047683716, 2.200000047683716, 2.200000047683716]
[Finetune] Loading pretrained weights from results/pretrain/lstm/checkpoint_best.pt
[Finetune] Froze LSTM backbone for first 10 epochs.
[Finetune] Unfroze LSTM backbone at epoch 11.

[Trial 28] stage=finetune hidden=(128,256,128) head_lr=1.68e-04 backbone_lr=5.13e-05 bs=128
[Device] Running on CUDA: NVIDIA GeForce RTX 4060
[Stage] finetune | model=lstm | data=datasets/processed/physiomio/impaired

[Train Label Positive Rates]
  finger_0: 0.438
  finger_1: 0.312
  finger_2: 0.312
  finger_3: 0.312
  finger_4: 0.312
[pos_weight] [1.2857142686843872, 2.200000047683716, 2.200000047683716, 2.200000047683716, 2.200000047683716]
[Finetune] Loading pretrained weights from results/pretrain/lstm/checkpoint_best.pt
[Finetune] Froze LSTM backbone for first 10 epochs.
[Finetune] Unfroze LSTM backbone at epoch 11.

[Trial 29] stage=finetune hidden=(128,256,128) head_lr=2.01e-04 backbone_lr=7.14e-05 bs=64
[Device] Running on CUDA: NVIDIA GeForce RTX 4060
[Stage] finetune | model=lstm | data=datasets/processed/physiomio/impaired

[Train Label Positive Rates]
  finger_0: 0.438
  finger_1: 0.312
  finger_2: 0.312
  finger_3: 0.312
  finger_4: 0.312
[pos_weight] [1.2857142686843872, 2.200000047683716, 2.200000047683716, 2.200000047683716, 2.200000047683716]
[Finetune] Loading pretrained weights from results/pretrain/lstm/checkpoint_best.pt
[Finetune] Froze LSTM backbone for first 10 epochs.
[Finetune] Unfroze LSTM backbone at epoch 11.

[Trial 30] stage=finetune hidden=(128,256,128) head_lr=7.29e-04 backbone_lr=2.91e-05 bs=128
[Device] Running on CUDA: NVIDIA GeForce RTX 4060
[Stage] finetune | model=lstm | data=datasets/processed/physiomio/impaired

[Train Label Positive Rates]
  finger_0: 0.438
  finger_1: 0.312
  finger_2: 0.312
  finger_3: 0.312
  finger_4: 0.312
[pos_weight] [1.2857142686843872, 2.200000047683716, 2.200000047683716, 2.200000047683716, 2.200000047683716]
[Finetune] Loading pretrained weights from results/pretrain/lstm/checkpoint_best.pt
[Finetune] Froze LSTM backbone for first 10 epochs.
[Finetune] Unfroze LSTM backbone at epoch 11.

[Optuna] Best trial:
  val finger_accuracy: 0.8069
  dropout: 0.3
  lr: 0.00021078512068396598
  batch_size: 128
  weight_decay: 0.000736677740953306
  patience: 15
  freeze_backbone_epochs: 8
  backbone_lr: 2.7257853728309157e-05
  head_lr: 0.00012744527515630037
[Saved] C:\Users\namgy\OneDrive\Desktop\psr-pipeline\training\tuning\lstm\best_finetune.json
[Saved] C:\Users\namgy\OneDrive\Desktop\psr-pipeline\training\tuning\lstm\best_finetune.txt

[Final train] Running full training with best hyperparameters...
[Device] Running on CUDA: NVIDIA GeForce RTX 4060
[Stage] finetune | model=lstm | data=datasets/processed/physiomio/impaired

[Train Label Positive Rates]
  finger_0: 0.438
  finger_1: 0.312
  finger_2: 0.312
  finger_3: 0.312
  finger_4: 0.312
[pos_weight] [1.2857142686843872, 2.200000047683716, 2.200000047683716, 2.200000047683716, 2.200000047683716]
[Finetune] Loading pretrained weights from results/pretrain/lstm/checkpoint_best.pt
[Finetune] Froze LSTM backbone for first 8 epochs.
[Epoch 001] train_loss=0.8245 val_loss=0.5540 val_f1=0.6997 val_finger_acc=0.8069 val_acc=0.5833
[Epoch 005] train_loss=0.7702 val_loss=0.5214 val_f1=0.7048 val_finger_acc=0.8019 val_acc=0.5856
[Finetune] Unfroze LSTM backbone at epoch 9.
[Epoch 010] train_loss=0.7349 val_loss=0.5716 val_f1=0.6837 val_finger_acc=0.7296 val_acc=0.4630
[Epoch 015] train_loss=0.6632 val_loss=0.5582 val_f1=0.6462 val_finger_acc=0.6898 val_acc=0.4676
[EarlyStop] No val improvement for 15 epochs.
[Test] Loading best checkpoint...
[Threshold] Using 0.50 (val finger_accuracy=0.8069)
[Test Results]
  loss: 0.5602
  accuracy: 0.5625
  finger_accuracy: 0.7667
  precision_macro: 0.7746
  recall_macro: 0.4489
  f1_macro: 0.5661
  auprc_macro: 0.7012
  auroc_macro: 0.8227
  auprc_micro: 0.7028
  auroc_micro: 0.8110

[Per-Finger Metrics]
  finger_0: F1=0.4907, Precision=0.7000, Recall=0.3778, AUPRC=0.6265, AUROC=0.7586
  finger_1: F1=0.5954, Precision=0.8512, Recall=0.4578, AUPRC=0.7649, AUROC=0.8684
  finger_2: F1=0.5572, Precision=0.8190, Recall=0.4222, AUPRC=0.7065, AUROC=0.8341
  finger_3: F1=0.6256, Precision=0.7394, Recall=0.5422, AUPRC=0.7158, AUROC=0.8375
  finger_4: F1=0.5618, Precision=0.7634, Recall=0.4444, AUPRC=0.6925, AUROC=0.8150
[Summary] Written to results\finetune\lstm\summary.md

[Done] Results saved to results\finetune\lstm/
[Final test] finger_accuracy=0.7667 f1_macro=0.5661
